{"/Users/cesararellano/Documents/Job/Hibrids/Coca Cola XP/CokeXP - Core/coke-cms-backend-api/src/app.ts": {"path":"/Users/cesararellano/Documents/Job/Hibrids/Coca Cola XP/CokeXP - Core/coke-cms-backend-api/src/app.ts","statementMap":{"0":{"start":{"line":8,"column":14},"end":{"line":8,"column":22}},"1":{"start":{"line":10,"column":2},"end":{"line":10,"column":null}},"2":{"start":{"line":11,"column":2},"end":{"line":11,"column":null}},"3":{"start":{"line":13,"column":2},"end":{"line":13,"column":null}},"4":{"start":{"line":15,"column":2},"end":{"line":17,"column":null}},"5":{"start":{"line":16,"column":4},"end":{"line":16,"column":null}},"6":{"start":{"line":19,"column":2},"end":{"line":22,"column":null}},"7":{"start":{"line":20,"column":4},"end":{"line":20,"column":null}},"8":{"start":{"line":21,"column":4},"end":{"line":21,"column":null}},"9":{"start":{"line":24,"column":2},"end":{"line":24,"column":null}}},"fnMap":{"0":{"name":"createApp","decl":{"start":{"line":7,"column":16},"end":{"line":7,"column":37}},"loc":{"start":{"line":7,"column":37},"end":{"line":25,"column":null}},"line":7},"1":{"name":"(anonymous_1)","decl":{"start":{"line":15,"column":6},"end":{"line":15,"column":11}},"loc":{"start":{"line":15,"column":43},"end":{"line":17,"column":3}},"line":15},"2":{"name":"(anonymous_2)","decl":{"start":{"line":19,"column":6},"end":{"line":19,"column":11}},"loc":{"start":{"line":19,"column":75},"end":{"line":22,"column":3}},"line":19}},"branchMap":{},"s":{"0":2,"1":2,"2":2,"3":2,"4":2,"5":1,"6":2,"7":0,"8":0,"9":2},"f":{"0":2,"1":1,"2":0},"b":{},"meta":{"lastBranch":0,"lastFunction":3,"lastStatement":10,"seen":{"f:7:16:7:37":0,"s:8:14:8:22":0,"s:10:2:10:Infinity":1,"s:11:2:11:Infinity":2,"s:13:2:13:Infinity":3,"s:15:2:17:Infinity":4,"f:15:6:15:11":1,"s:16:4:16:Infinity":5,"s:19:2:22:Infinity":6,"f:19:6:19:11":2,"s:20:4:20:Infinity":7,"s:21:4:21:Infinity":8,"s:24:2:24:Infinity":9},"fnNames":{}}}
,"/Users/cesararellano/Documents/Job/Hibrids/Coca Cola XP/CokeXP - Core/coke-cms-backend-api/src/routes/health.service.ts": {"path":"/Users/cesararellano/Documents/Job/Hibrids/Coca Cola XP/CokeXP - Core/coke-cms-backend-api/src/routes/health.service.ts","statementMap":{"0":{"start":{"line":6,"column":2},"end":{"line":6,"column":null}}},"fnMap":{"0":{"name":"getHealthStatus","decl":{"start":{"line":5,"column":16},"end":{"line":5,"column":48}},"loc":{"start":{"line":5,"column":48},"end":{"line":7,"column":null}},"line":5}},"branchMap":{},"s":{"0":2},"f":{"0":2},"b":{},"meta":{"lastBranch":0,"lastFunction":1,"lastStatement":1,"seen":{"f:5:16:5:48":0,"s:6:2:6:Infinity":0},"fnNames":{}}}
,"/Users/cesararellano/Documents/Job/Hibrids/Coca Cola XP/CokeXP - Core/coke-cms-backend-api/src/routes/health.ts": {"path":"/Users/cesararellano/Documents/Job/Hibrids/Coca Cola XP/CokeXP - Core/coke-cms-backend-api/src/routes/health.ts","statementMap":{"0":{"start":{"line":5,"column":15},"end":{"line":5,"column":22}},"1":{"start":{"line":7,"column":0},"end":{"line":9,"column":null}},"2":{"start":{"line":8,"column":2},"end":{"line":8,"column":null}}},"fnMap":{"0":{"name":"(anonymous_0)","decl":{"start":{"line":7,"column":11},"end":{"line":7,"column":17}},"loc":{"start":{"line":7,"column":30},"end":{"line":9,"column":1}},"line":7}},"branchMap":{},"s":{"0":1,"1":1,"2":1},"f":{"0":1},"b":{},"meta":{"lastBranch":0,"lastFunction":1,"lastStatement":3,"seen":{"s:5:15:5:22":0,"s:7:0:9:Infinity":1,"f:7:11:7:17":0,"s:8:2:8:Infinity":2},"fnNames":{}}}
}
